<?xml version="1.0" encoding="UTF-8"?>
<testng-results ignored="0" total="2" passed="2" failed="0" skipped="0">
  <reporter-output>
  </reporter-output>
  <suite started-at="2024-02-04T20:35:13 CST" name="Suite" finished-at="2024-02-04T20:35:17 CST" duration-ms="4027">
    <groups>
    </groups>
    <test started-at="2024-02-04T20:35:13 CST" name="Test" finished-at="2024-02-04T20:35:17 CST" duration-ms="4027">
      <class name="restAPIBDD.Operation">
        <test-method signature="Delete_BDDDemo()[pri:0, instance:restAPIBDD.Operation@47faa49c]" started-at="2024-02-04T20:35:13 CST" name="Delete_BDDDemo" finished-at="2024-02-04T20:35:16 CST" duration-ms="3749" status="PASS">
          <reporter-output>
          </reporter-output>
        </test-method> <!-- Delete_BDDDemo -->
        <test-method signature="POST_BDDDemo()[pri:0, instance:restAPIBDD.Operation@47faa49c]" started-at="2024-02-04T20:35:16 CST" name="POST_BDDDemo" finished-at="2024-02-04T20:35:17 CST" duration-ms="167" status="PASS">
          <reporter-output>
          </reporter-output>
        </test-method> <!-- POST_BDDDemo -->
      </class> <!-- restAPIBDD.Operation -->
    </test> <!-- Test -->
  </suite> <!-- Suite -->
</testng-results>
